2021-02-27 16:10:43,413 - numexpr.utils - INFO - NumExpr defaulting to 8 threads.
2021-02-27 16:16:29,123 - numexpr.utils - INFO - NumExpr defaulting to 8 threads.
2021-02-27 16:16:44,680 - numexpr.utils - INFO - NumExpr defaulting to 8 threads.
2021-02-27 16:16:48,648 - numexpr.utils - INFO - NumExpr defaulting to 8 threads.
2021-02-27 16:17:35,425 - numexpr.utils - INFO - NumExpr defaulting to 8 threads.
2021-02-27 16:18:09,850 - numexpr.utils - INFO - NumExpr defaulting to 8 threads.
2021-02-27 16:58:55,803 - numexpr.utils - INFO - NumExpr defaulting to 8 threads.
2021-02-27 17:00:14,618 - numexpr.utils - INFO - NumExpr defaulting to 8 threads.
2021-02-27 17:02:22,734 - numexpr.utils - INFO - NumExpr defaulting to 8 threads.
2021-02-27 17:02:42,272 - numexpr.utils - INFO - NumExpr defaulting to 8 threads.
2021-02-27 17:03:06,631 - numexpr.utils - INFO - NumExpr defaulting to 8 threads.
2021-02-27 17:03:43,857 - numexpr.utils - INFO - NumExpr defaulting to 8 threads.
2021-02-27 17:03:56,802 - numexpr.utils - INFO - NumExpr defaulting to 8 threads.
2021-02-27 17:05:23,340 - numexpr.utils - INFO - NumExpr defaulting to 8 threads.
2021-02-27 17:06:12,019 - numexpr.utils - INFO - NumExpr defaulting to 8 threads.
2021-02-27 17:06:40,399 - numexpr.utils - INFO - NumExpr defaulting to 8 threads.
2021-02-27 17:06:56,671 - numexpr.utils - INFO - NumExpr defaulting to 8 threads.
2021-02-27 17:07:10,308 - numexpr.utils - INFO - NumExpr defaulting to 8 threads.
2021-02-27 17:08:07,908 - numexpr.utils - INFO - NumExpr defaulting to 8 threads.
2021-02-27 17:08:43,702 - numexpr.utils - INFO - NumExpr defaulting to 8 threads.
2021-02-27 17:09:05,127 - numexpr.utils - INFO - NumExpr defaulting to 8 threads.
2021-02-27 17:17:51,133 - numexpr.utils - INFO - NumExpr defaulting to 8 threads.
2021-02-27 17:17:55,621 - numexpr.utils - INFO - NumExpr defaulting to 8 threads.
2021-02-27 17:24:09,018 - numexpr.utils - INFO - NumExpr defaulting to 8 threads.
2021-02-27 17:24:13,967 - numexpr.utils - INFO - NumExpr defaulting to 8 threads.
2021-02-27 17:24:24,050 - numexpr.utils - INFO - NumExpr defaulting to 8 threads.
2021-02-27 17:24:29,543 - numexpr.utils - INFO - NumExpr defaulting to 8 threads.
2021-02-27 17:24:35,904 - numexpr.utils - INFO - NumExpr defaulting to 8 threads.
2021-02-27 17:24:40,748 - numexpr.utils - INFO - NumExpr defaulting to 8 threads.
2021-02-27 17:27:15,880 - numexpr.utils - INFO - NumExpr defaulting to 8 threads.
2021-02-27 17:27:25,962 - numexpr.utils - INFO - NumExpr defaulting to 8 threads.
2021-02-27 17:27:33,658 - numexpr.utils - INFO - NumExpr defaulting to 8 threads.
2021-02-27 17:27:41,004 - numexpr.utils - INFO - NumExpr defaulting to 8 threads.
2021-02-27 17:27:50,778 - numexpr.utils - INFO - NumExpr defaulting to 8 threads.
2021-02-27 17:28:11,178 - numexpr.utils - INFO - NumExpr defaulting to 8 threads.
2021-02-27 17:30:34,001 - numexpr.utils - INFO - NumExpr defaulting to 8 threads.
2021-02-27 17:30:41,565 - numexpr.utils - INFO - NumExpr defaulting to 8 threads.
2021-02-27 17:30:46,371 - numexpr.utils - INFO - NumExpr defaulting to 8 threads.
2021-02-27 17:30:51,269 - numexpr.utils - INFO - NumExpr defaulting to 8 threads.
2021-02-27 17:31:00,032 - numexpr.utils - INFO - NumExpr defaulting to 8 threads.
2021-02-27 17:31:44,747 - numexpr.utils - INFO - NumExpr defaulting to 8 threads.
2021-02-27 17:34:05,892 - numexpr.utils - INFO - NumExpr defaulting to 8 threads.
2021-02-27 17:34:22,090 - numexpr.utils - INFO - NumExpr defaulting to 8 threads.
2021-02-27 17:35:25,505 - numexpr.utils - INFO - NumExpr defaulting to 8 threads.
2021-02-27 17:35:37,677 - numexpr.utils - INFO - NumExpr defaulting to 8 threads.
2021-02-27 17:37:14,993 - numexpr.utils - INFO - NumExpr defaulting to 8 threads.
2021-02-27 17:37:21,095 - numexpr.utils - INFO - NumExpr defaulting to 8 threads.
2021-02-27 17:37:28,916 - numexpr.utils - INFO - NumExpr defaulting to 8 threads.
2021-02-27 17:44:59,232 - numexpr.utils - INFO - NumExpr defaulting to 8 threads.
2021-02-27 17:45:10,857 - numexpr.utils - INFO - NumExpr defaulting to 8 threads.
2021-02-27 17:46:01,661 - numexpr.utils - INFO - NumExpr defaulting to 8 threads.
2021-02-27 17:52:19,214 - numexpr.utils - INFO - NumExpr defaulting to 8 threads.
2021-02-27 17:52:57,243 - numexpr.utils - INFO - NumExpr defaulting to 8 threads.
2021-02-27 17:53:22,498 - numexpr.utils - INFO - NumExpr defaulting to 8 threads.
2021-02-27 17:54:44,115 - numexpr.utils - INFO - NumExpr defaulting to 8 threads.
2021-02-27 17:55:54,665 - numexpr.utils - INFO - NumExpr defaulting to 8 threads.
2021-02-27 17:58:08,802 - numexpr.utils - INFO - NumExpr defaulting to 8 threads.
2021-02-27 17:58:28,660 - numexpr.utils - INFO - NumExpr defaulting to 8 threads.
2021-02-27 17:58:46,915 - numexpr.utils - INFO - NumExpr defaulting to 8 threads.
2021-02-27 17:58:54,852 - numexpr.utils - INFO - NumExpr defaulting to 8 threads.
2021-02-27 17:59:28,865 - numexpr.utils - INFO - NumExpr defaulting to 8 threads.
2021-03-01 12:34:18,841 - numexpr.utils - INFO - NumExpr defaulting to 8 threads.
2021-03-01 13:47:30,689 - numexpr.utils - INFO - NumExpr defaulting to 8 threads.
2021-03-01 14:06:04,167 - numexpr.utils - INFO - NumExpr defaulting to 8 threads.
2021-03-01 14:17:37,879 - numexpr.utils - INFO - NumExpr defaulting to 8 threads.
2021-03-01 14:17:40,852 - pyswarms.single.global_best - INFO - Optimize for 100 iters with {'c1': 1.49618, 'c2': 1.49618, 'w': 0.7298}
2021-03-01 14:22:20,386 - numexpr.utils - INFO - NumExpr defaulting to 8 threads.
2021-03-01 14:22:23,371 - pyswarms.single.global_best - INFO - Optimize for 100 iters with {'c1': 1.49618, 'c2': 1.49618, 'w': 0.7298}
2021-03-01 14:24:35,153 - numexpr.utils - INFO - NumExpr defaulting to 8 threads.
2021-03-01 14:24:38,184 - pyswarms.single.global_best - INFO - Optimize for 100 iters with {'c1': 1.49618, 'c2': 1.49618, 'w': 0.7298}
2021-03-01 14:26:45,552 - numexpr.utils - INFO - NumExpr defaulting to 8 threads.
2021-03-01 14:26:47,780 - pyswarms.single.global_best - INFO - Optimize for 100 iters with {'c1': 1.49618, 'c2': 1.49618, 'w': 0.7298}
2021-03-01 14:26:50,397 - pyswarms.single.global_best - INFO - Optimization finished | best cost: 6756.947532848708, best pos: [ 1.30959590e+00 -1.38454031e-01 -3.56064783e-01  7.48795107e-01
  3.99723277e-02 -9.36556385e-01  2.86536499e-01 -2.05547179e+00
 -5.92940804e-01  6.48255888e-01 -2.29877525e-01  2.21135104e+00
 -1.46324707e-01  1.20487683e+00 -6.72622165e-01  5.47972835e-01
  2.40563129e-01 -7.94359858e-01  3.62461101e-01 -4.57406316e-01
 -7.04403308e-02  1.14745613e+00 -5.50787807e-01 -6.00091943e-01
 -1.16902356e-01 -4.85493215e-01 -7.94884596e-01  2.11685915e-01
 -4.94976322e-01  4.97532528e-01 -8.37468771e-01  6.56979844e-01
  1.83123076e-01  7.82465083e-01 -4.80608344e-01 -5.18987692e-02
  5.14192968e-01  1.03329099e-01 -4.76845300e-01  5.49459397e-01
 -8.88273296e-01  8.43570362e-01  1.23042409e-01  9.58571051e-02
 -7.05604294e-02 -2.09491720e-01  9.10557774e-01 -5.42344635e-01
 -5.80287290e-01 -2.04887597e-01  7.90269478e-01 -3.31640424e-01
  6.02329563e-01 -2.19237748e-01  2.63860886e-01  8.86599266e-01
  3.52819494e-01  3.32161390e-01 -3.71741716e-01 -7.77917371e-02
  8.88974633e-01 -2.93259854e-01 -5.96401010e-01 -1.41530577e+00
  3.33032535e-01 -9.51156851e-01 -5.80694830e-01 -5.87514033e-01
 -6.56164559e-01 -1.96298339e-01  3.90791203e-01  9.21522749e-01
 -1.32154946e-01  3.87104558e-01  3.76444174e-01 -3.94782508e-01
 -4.92673123e-01  9.94351392e-02 -2.71413915e-01 -9.49459784e-01
  1.12006978e-01  1.26213216e-04  3.82623664e-01  3.36098278e-01
 -6.24771474e-01 -5.17289461e-01  1.51508550e-01 -3.42907246e-01
 -1.01656814e-01 -3.60050846e-01  1.04021612e-01  3.77800851e-01
 -2.86694153e-03  1.02384852e+00  3.36015709e-01  9.72304885e-01
  7.39363438e-01 -2.87510919e-01  3.85318258e-01  7.39288745e-01]
2021-03-01 14:27:44,027 - numexpr.utils - INFO - NumExpr defaulting to 8 threads.
2021-03-01 14:27:46,651 - pyswarms.single.global_best - INFO - Optimize for 100 iters with {'c1': 1.49618, 'c2': 1.49618, 'w': 0.7298}
2021-03-01 14:27:49,367 - pyswarms.single.global_best - INFO - Optimization finished | best cost: 9050.886987187758, best pos: [-0.31135997 -0.50044447  0.75493671  0.01683828  0.3170002   0.64848706
  0.30382119  0.06655599  0.2013118   0.55595353 -0.00213597 -0.05692282
  1.50134478 -1.17151582 -0.45851891 -0.31113299  0.30560178 -0.10616273
  1.03231808 -0.21506336 -0.39773673  0.11173184  0.31140897 -0.44580661
 -0.33135861 -0.42596375  0.10730459 -0.20674969  0.11685372  0.0280569
  0.27350394  0.3296538  -0.01439346  0.34418739 -0.56717576 -0.26837771
  0.29742317 -0.30423607  0.25108904 -0.21677382 -0.78828338 -0.65734743
 -0.85679968  0.33363207  0.19447361 -0.08866034 -0.79842019 -0.08852072
  0.26890437  0.48954055 -0.1292659  -1.07816939 -0.72531107  0.83482117
  0.13650592 -0.43708431  0.80901646 -0.46160819  0.83696137  1.17088329
  0.28420918  0.34554138  0.33149273 -0.1606672  -0.92401364 -0.24936394
 -1.40390964 -0.5348505  -0.42799185 -0.11475459  0.09232689  0.56597526
  0.52912812  1.04921029  0.37389064 -0.55306355 -0.23030256 -0.13892095
  0.29807013  0.25199806 -0.3700736   0.39293801 -0.20943936 -0.42293038
  0.11243271 -1.04654097  0.13192514 -0.10761031 -0.27795845  0.18913395
  0.67984246  0.27235652  0.41547035  0.62932337 -0.6274891   0.18063562
 -0.0594581  -0.5122531   0.55011894  0.01704241]
2021-03-01 14:28:36,406 - numexpr.utils - INFO - NumExpr defaulting to 8 threads.
2021-03-01 14:28:40,606 - pyswarms.single.global_best - INFO - Optimize for 100 iters with {'c1': 1.49618, 'c2': 1.49618, 'w': 0.7298}
2021-03-01 14:28:43,473 - pyswarms.single.global_best - INFO - Optimization finished | best cost: 36.16626795599307, best pos: [ 3.37092840e+00 -2.03276420e+01 -5.52834887e+00  4.52625311e+00
  5.22518280e+01  1.06635605e+01  5.26425354e+01  1.01549051e+00
  9.09427806e+00 -3.38242985e+00  1.56647247e+00  9.81372022e+00
  1.41389798e+00  6.67962772e+00  2.60895944e+00 -1.46843794e+00
 -3.86761773e+00 -2.88667088e+00  1.52803476e+00  1.74576022e+00
  5.48313447e-01 -3.66302325e+00  2.07879312e+00 -7.02838951e-01
 -4.96070464e+00  9.35491616e-01  3.57396554e+00  4.85072242e-01
  2.60021547e-02  7.86265681e-01  8.14502807e-01 -9.47255492e-01
 -3.35820543e+00 -3.85221803e+00  1.19653153e+00 -1.81793734e+00
 -1.52549629e-01 -1.09206227e+01 -2.32658261e+00  1.10040142e+00
 -4.73491200e+00 -3.82663304e-01 -3.30047325e+00  2.14119168e+00
  2.80231303e+00 -8.72531874e-02 -1.44140132e+00  2.01074164e+00
  1.44878312e+00  7.28172969e+00 -3.23948762e+00  1.75223558e+00
 -1.67946828e-02  1.40486899e+00  7.63647548e+00  1.17264654e+00
 -4.55684354e+00 -3.75273244e+00  6.72063896e-01  1.52547918e+00
  2.46059276e+00  4.76423947e+00  2.80260919e-01  4.43829300e+00
  2.94164778e+00  2.58359077e+00  4.08676043e+00  1.49838532e+00
  1.92704187e-01  1.43792498e+00  1.64111929e+00  2.32772568e+00
  7.07727338e+00  1.49973638e+00  1.68898295e+00 -2.06432656e+00
  2.39042686e+00  1.86917741e-01  9.75068864e-03 -8.01898596e-01
  2.28672814e+00  5.85039690e-01  1.22361567e+00 -1.20838151e+00
 -3.27071606e+00 -7.25535578e-01 -1.39708503e+00 -2.54116580e+00
  1.73961230e+00  5.44699933e-02  9.65036647e-01  4.87668883e+00
  9.63482515e-01  1.54077022e+00  2.95512421e+00  5.09474086e-01
 -3.49303777e+00  9.30645671e-01 -7.72348885e-01 -5.82096764e+00]
2021-03-01 14:35:46,723 - numexpr.utils - INFO - NumExpr defaulting to 8 threads.
2021-03-01 14:36:09,454 - numexpr.utils - INFO - NumExpr defaulting to 8 threads.
2021-03-01 14:36:44,495 - numexpr.utils - INFO - NumExpr defaulting to 8 threads.
2021-03-01 14:36:47,082 - pyswarms.single.global_best - INFO - Optimize for 100 iters with {'c1': 1.49618, 'c2': 1.49618, 'w': 0.7298}
2021-03-01 14:36:56,678 - numexpr.utils - INFO - NumExpr defaulting to 8 threads.
2021-03-01 14:36:58,644 - pyswarms.single.global_best - INFO - Optimize for 100 iters with {'c1': 1.49618, 'c2': 1.49618, 'w': 0.7298}
2021-03-01 14:37:03,130 - pyswarms.single.global_best - INFO - Optimization finished | best cost: 2043.9064840224576, best pos: [ 15.18516907  -5.43154445  -2.82931865   6.10562957  -3.53616138
  -3.92707707 -10.47694759   2.16629645   0.09684461  -0.60258105
  -2.58710657  -0.24570578  -4.32648973   3.00647504   5.05979764
  -2.39630451   6.86519959  -7.01949552  14.09662595  -3.85464231
  17.23863476   1.21136747   2.74785558   6.29702623  -1.63601388
   6.12146498   3.17746324  -1.40068262   2.00572193   1.79416292
  25.25842395   1.47250437   3.96070439   7.74153459  13.04778052
   2.29314123   2.73325274  -0.57263185   3.15553543  -7.84935573
  -2.22618674 -19.67070014  -1.42315087   5.65887103  -7.77717438
 -41.02685462   5.88475968  -1.64594511  -5.70690524  -5.66908926
  -1.1915059    8.55204652  -2.5260996    0.70790905   9.37949519
  -5.38460303  16.74265634 -25.22725308  -2.02911842  -1.98585324
   3.21047317  -8.7254277   -4.11092575  14.69010854   6.41684797
  -6.3207853    3.51073354  32.30634197   1.6436737   16.76027132
  -7.11278273   0.48664108  37.02682222   2.20549436   0.31021162
  -4.48394527   8.93250321   0.6634606   15.69177321 -17.01943686
  20.25579923  17.42911073  -4.983864    -9.65315905  22.84769679
  16.0044072    1.23150762  -6.93479075   0.8870263   -6.03681937
  18.10998238  -6.72847247   5.75175151   4.0887165  -16.35338708
   1.59074285   2.08029633  -1.42680344  -6.0704959    0.16457011]
2021-03-01 14:40:17,007 - numexpr.utils - INFO - NumExpr defaulting to 8 threads.
2021-03-01 14:40:19,696 - pyswarms.single.global_best - INFO - Optimize for 100 iters with {'c1': 1.49618, 'c2': 1.49618, 'w': 0.7298}
2021-03-01 14:41:03,244 - pyswarms.single.global_best - INFO - Optimization finished | best cost: 2044.6994564018735, best pos: [ 3.4461555  -0.85738885 -3.01300283  1.00889169  0.44475147  1.02396246
  0.59659257  1.96717008 -0.75536257  2.61671042  2.06183577 -2.29209176
  2.63439574 -2.42776213 -1.10519777  0.51424738  0.49014194  0.10255885
  1.47342227  2.15474794  0.3376385   0.13551873 -0.51222218  0.66224814
 -0.79226847 -1.30694132 -3.70525226  0.07710248 -4.99403431  4.63075225
  1.76151413  0.87953801  1.9865548  -1.17356922 -0.02330088  2.80828181
 -1.39937257 -0.5442038  -5.96356919 -0.18540533 -1.00080014 -2.73629247
  2.81813314  3.79738708  1.95652768  2.16846491  3.99809796  2.69116116
 -1.59016087  7.46952413  1.16671064 -0.33778579 -1.94483493 -5.80437574
  2.68175981  2.42761711  1.70715148 -8.00420281 -1.72522572  2.04349242
  3.88588123 -4.41797738  0.28694842  0.42745794  0.63106175  0.35866036
  1.48297891 -0.45673321  5.52930649  1.92203785 -0.0889273  -0.51442113
 -0.63466472  2.73932266 -2.96637496  1.37469296 -1.45843017  2.82934173
 -2.43236141  4.49431113  6.13413524  2.83070302 -2.23929187  0.67614973
  1.08818844  0.86586042  0.46580685 -2.04055856 -0.62927267  3.64093364
 -3.04925527 -1.11010191  1.5266914   0.24006675 -1.56465701 -3.84686117
  1.18349687  0.59657739  0.94891806  1.85572739]
2021-03-01 14:41:12,329 - numexpr.utils - INFO - NumExpr defaulting to 8 threads.
2021-03-01 14:41:15,489 - pyswarms.single.global_best - INFO - Optimize for 1000 iters with {'c1': 1.49618, 'c2': 1.49618, 'w': 0.7298}
2021-03-01 14:41:59,753 - pyswarms.single.global_best - INFO - Optimization finished | best cost: 1997.8318698698629, best pos: [ 8.36439077e-01 -9.03685698e-01  1.52549188e+00  2.11878883e+00
  1.95329261e+00 -3.56211870e+00  1.47624537e+00  3.97165159e+00
  1.53892175e+00 -2.88696801e+00 -2.06557810e+00  3.66565456e+00
  2.03219073e+00  6.93262639e+00  1.89118961e+00 -2.65308459e-01
  9.52933694e+00  8.94028585e+00 -5.22797208e-01  1.44807786e+00
  1.63485082e+00 -6.33927770e+00  4.97543713e+00  1.13090650e+00
 -3.22439318e+00 -3.12452351e+00 -1.29415166e+00  1.03914575e+00
 -2.45927783e+00  4.44251644e+00 -2.39880549e+00 -4.48731660e-01
 -4.56691792e+00  4.53091654e+00 -2.08176071e-01  2.64569933e+00
 -5.60962737e+00 -1.32279553e+00 -3.85457877e+00  2.04646319e+00
 -3.96110588e+00 -3.54777426e+00  4.91361484e-01  3.34529670e+00
  1.09758126e+00  2.30838684e+00 -4.04542344e+00  1.04512907e+01
 -6.74051163e-01 -3.60464987e+00  2.69369892e+00  1.65103363e+00
  1.52148507e+00 -2.82590751e+00  5.35732539e+00 -6.56857450e+00
  4.25449001e+00 -4.60530776e+00  6.83730529e-01 -3.80280265e+00
 -3.03899333e+00 -9.00730380e+00 -7.18475398e-01  5.41304808e+00
  1.25020629e+00 -6.77046707e+00 -4.86934159e+00  2.30400960e+00
  7.77637084e+00  8.76980201e-01 -3.94265189e+00 -2.20775497e+00
 -8.41728349e-01  4.22385701e+00  4.71910917e+00 -3.97152268e+00
  7.11064995e+00 -3.15324814e-01  1.99810592e-03  4.59803191e+00
  7.46483898e+00  1.74545487e+00 -1.26117761e+00 -4.48911793e+00
 -3.36621116e+00  7.07063770e+00 -1.31000610e+00 -3.23605995e+00
 -1.25284837e+00 -1.46649942e+00  1.65004598e+00  1.38433617e+00
 -2.13552709e+00 -6.31442690e-01 -1.26643901e+00  1.18111478e+00
  1.49817401e+00  2.10987793e+00 -7.67138853e-01  5.80781681e+00]
